<?xml version="1.0" encoding="UTF-8"?>
<testsuite name="com.viiontech.utils.ExampleUnitTest" tests="1" skipped="0" failures="0" errors="0" timestamp="2020-03-19T05:10:07" hostname="DESKTOP-3BL8CVV" time="0.001">
  <properties/>
  <testcase name="addition_isCorrect" classname="com.viiontech.utils.ExampleUnitTest" time="0.001"/>
  <system-out><![CDATA[]]></system-out>
  <system-err><![CDATA[]]></system-err>
</testsuite>
